<?xml version="1.0" encoding="UTF-8"?>
<!-- Generated by org.testng.reporters.JUnitXMLReporter -->
<testsuite ignored="0" hostname="DESKTOP-IRGFCVK" failures="1" tests="2" name="Error Validation Test" time="30.082" errors="0" timestamp="2025-08-30T14:33:58 IST">
  <testcase classname="rahulshettyacadamy.tests.ErrorValidationsTest" name="loginErrorValidation" time="0.765">
    <failure type="java.lang.AssertionError" message="expected [Incorrect email or password.] but found [ Incorrect email or password. ]">
      <![CDATA[java.lang.AssertionError: expected [Incorrect email or password.] but found [ Incorrect email or password. ]
at rahulshettyacadamy.tests.ErrorValidationsTest.loginErrorValidation(ErrorValidationsTest.java:21)
at java.base/java.util.ArrayList.forEach(ArrayList.java:1511)
... Removed 33 stack frames]]>
    </failure>
  </testcase> <!-- loginErrorValidation -->
  <testcase classname="rahulshettyacadamy.tests.ErrorValidationsTest" name="productErrorValidation" time="12.498"/>
</testsuite> <!-- Error Validation Test -->
